<!DOCTYPE html>
<html>
<head>
  
<meta http-equiv="Content-Type" content="text/html; charset=UTF-8" />

<script type="text/javascript" src="js/jquery.min.js"></script>
<script type="text/javascript" src="js/jquery.tablesorter.min.js"></script>
<script type="text/javascript" src="js/Chart.min.js"></script>
<script type="text/javascript" src="js/bootstrap.min.js"></script>

<link rel="stylesheet" href="css/bootstrap.min.css" type="text/css"/>
<link rel="stylesheet" href="css/reporting.css" type="text/css"/>
<link rel="stylesheet" href="css/font-awesome.min.css"/>
<link rel="shortcut icon" href="images/favicon.png"/>

<script type="text/javascript">
$(document).ready(function() {
    // this will tell tablesorter to try looking for the data-value attribute
    // if present, it'll sort by that instead
    // otherwise, it'll sort by the text content of the table cell
    $("#tablesorter").tablesorter({
        textAttribute: 'data-value',
        // ignores the first row of the header, the 'scenario', 'steps', since
        // sorting those doesn't make sense
        selectorHeaders: '> thead tr:not(.dont-sort) th',
        // use a stable sort
        sortStable: true
    });
});
</script>












  
<title>Cucumber-JVM Reports  - Feature: verify the Summer35 coupon</title>

</head>
<body>

<nav class="navbar navbar-default navbar-fixed-top" id="navigation">
  <div class="container-fluid">
    <div class="collapse navbar-collapse">
      <p class="navbar-text navbar-left">Cucumber-JVM Report</p>
      <ul class="nav navbar-nav navbar-right">
                <li role="presentation" ><a href="feature-overview.html">Features</a></li>
        <li role="presentation" ><a href="tag-overview.html">Tags</a></li>
        <li role="presentation" ><a href="step-overview.html">Steps</a></li>
        <li role="presentation" ><a href="failures-overview.html">Failures</a></li>
      </ul>
    </div>
  </div>
</nav>

<div class="container-fluid" id="build-info">
  <div class="row">
    <div class="col-md-6 col-md-offset-1">
      <table class="table table-bordered">
        <thead>
          <tr>
            <th>Project</th>
                          <th>Number</th>
                        <th>Date</th>
          </tr>
        </thead>
        <tbody>
          <tr class="info">
            <td>Project Name</td>
                          <td>1</td>
                        <td>27 Sep 2022, 17:14</td>
          </tr>
        </tbody>
      </table>
    </div>
  </div>
</div>

<div id="report-lead" class="container-fluid>
  <div class="row">
    <div class="col-md-10 col-md-offset-1">
      <h2>Feature Report</h2>
          </div>
  </div>
</div>

<div class="container-fluid" id="summary">
  <div class="row">
    <div class="col-md-10 col-md-offset-1">
      <table class="stats-table">

        <thead>
  <tr class="header dont-sort">
        <th></th>
    <th colspan="3">Scenarios</th>
    <th colspan="6">Steps</th>
    <th colspan="2">Totals</th>
  </tr>
  <tr>
    <th>Feature</th>
        <th class="passed">Passed</th>
    <th class="failed">Failed</th>
    <th class="total">Total</th>
    <th class="passed">Passed</th>
    <th class="failed">Failed</th>
    <th class="skipped">Skipped</th>
    <th class="pending">Pending</th>
    <th class="undefined">Undefined</th>
    <th class="total">Total</th>
    <th>Duration</th>
    <th>Status</th>
  </tr>
</thead>

        <tbody>
        <tr>
          <td class="tagname">verify the Summer35 coupon</td>
                    <td  class="passed"    >1</td>
          <td  class="failed"    >1</td>
          <td class="total">2</td>
          <td      class="passed"    >9</td>
          <td      class="failed"    >1</td>
          <td     class="skipped"   >7</td>
          <td >0</td>
          <td >0</td>
          <td class="total">17</td>
          <td class="duration" data-value="196515411900">3m 16s 515ms</td>
          <td class="failed">Failed</td>
        </tr>
        </tbody>

      </table>
    </div>
  </div>
</div>



<div class="container-fluid" id="report">
  <div class="row">
    <div class="col-md-10 col-md-offset-1">
      <div class="feature">
        
<div class="tags indention">
       <a href="verify_summer35_Coupon.html">@verify_summer35_Coupon</a>
  </div>

        
<div class="brief failed">
  <span class="keyword indention">Feature</span>
  <span class="name">verify the Summer35 coupon</span>
  

  </div>

        <div class="description indention"></div>

        <div class="elements inner-level">
                      
<div class="element">
  
  
<div class="tags indention">
       <a href="verify_summer35_Coupon.html">@verify_summer35_Coupon</a>
       <a href="for_new_User.html">@for_new_User</a>
  </div>


    <span data-toggle="collapse" class=" collapsable-control" data-target="#element-1">
    
<div class="brief failed">
  <span class="keyword indention">Scenario</span>
  <span class="name">verify the Summer35 coupon</span>
  

       <i class="chevron fa fa-fw"></i>
  </div>

  </span>
  <div class="description indention"></div>

  <div id="element-1" class="collapse collapsable-details  in ">
    


    
<div class="steps inner-level">
    <div data-toggle="collapse" class=" collapsable-control" data-target="#steps-2">
    
<div class="brief failed">
  <span class="keyword indention">Steps</span>
  <span class="name"></span>
  

       <i class="chevron fa fa-fw"></i>
  </div>

  </div>

  <div id="steps-2" class="inner-level collapse collapsable-details  in ">
          <div class="step">
        
<div class="brief passed">
  <span class="keyword indention">Given</span>
  <span class="name">User is on Home Page and click on Signup button</span>
  
  <span class="lead-duration duration">25s 199ms</span>

  </div>

        


        
        

        

        

      </div>
          <div class="step">
        
<div class="brief passed">
  <span class="keyword indention">Then</span>
  <span class="name">Create a new ueser</span>
  
  <span class="lead-duration duration">21s 340ms</span>

  </div>

        


        
        

        

        

      </div>
          <div class="step">
        
<div class="brief failed">
  <span class="keyword indention">Then</span>
  <span class="name">Click on free ppt and download one ppt</span>
  
  <span class="lead-duration duration">1m 1s 134ms</span>

  </div>

        

  <div class="inner-level">
    <div class="message indention">
      <div data-toggle="collapse" class="collapsable-control" data-target="#msg-3">
          <a>Error message</a>
      </div>
      <div id="msg-3" class="collapse collapsable-details">
        <pre>org.openqa.selenium.TimeoutException: Expected condition failed: waiting for element to be clickable: By.xpath: //div[4]/div[1]/ol[1]/li[1]/div[1]/a[1]/img[1] (tried for 50 second(s) with 500 milliseconds interval)
	at org.openqa.selenium.support.ui.WebDriverWait.timeoutException(WebDriverWait.java:95)
	at org.openqa.selenium.support.ui.FluentWait.until(FluentWait.java:272)
	at stepDefinations.Verify_Summer35_Copoun.click_on_free_ppt_and_download_one_ppt(Verify_Summer35_Copoun.java:67)
	at âœ½.Click on free ppt and download one ppt(file:///D:/Selenium%20Live%20Projects/VerifyTeamCoupon/./src/test/java/features/Verify_Summer35_Coupon.feature:10)
Caused by: org.openqa.selenium.NoSuchElementException: Unable to locate element: //div[4]/div[1]/ol[1]/li[1]/div[1]/a[1]/img[1]
For documentation on this error, please visit: https://www.seleniumhq.org/exceptions/no_such_element.html
Build info: version: '3.141.59', revision: 'e82be7d358', time: '2018-11-14T08:17:03'
System info: host: 'SLIDEQA2', ip: '192.168.0.110', os.name: 'Windows 10', os.arch: 'amd64', os.version: '10.0', java.version: '17'
Driver info: org.openqa.selenium.firefox.FirefoxDriver
Capabilities {acceptInsecureCerts: true, browserName: firefox, browserVersion: 105.0.1, javascriptEnabled: true, moz:accessibilityChecks: false, moz:buildID: 20220922151854, moz:geckodriverVersion: 0.31.0, moz:headless: false, moz:platformVersion: 10.0, moz:processID: 20352, moz:profile: C:\Users\SLIDEQ~1\AppData\L..., moz:shutdownTimeout: 60000, moz:useNonSpecCompliantPointerOrigin: false, moz:webdriverClick: true, moz:windowless: false, pageLoadStrategy: normal, platform: WINDOWS, platformName: WINDOWS, proxy: Proxy(), setWindowRect: true, strictFileInteractability: false, timeouts: {implicit: 0, pageLoad: 300000, script: 30000}, unhandledPromptBehavior: dismiss and notify}
Session ID: 8c6106e7-2d9b-42f8-a547-76de6f9f37a7
*** Element info: {Using=xpath, value=//div[4]/div[1]/ol[1]/li[1]/div[1]/a[1]/img[1]}
	at java.base/jdk.internal.reflect.NativeConstructorAccessorImpl.newInstance0(Native Method)
	at java.base/jdk.internal.reflect.NativeConstructorAccessorImpl.newInstance(NativeConstructorAccessorImpl.java:77)
	at java.base/jdk.internal.reflect.DelegatingConstructorAccessorImpl.newInstance(DelegatingConstructorAccessorImpl.java:45)
	at java.base/java.lang.reflect.Constructor.newInstanceWithCaller(Constructor.java:499)
	at java.base/java.lang.reflect.Constructor.newInstance(Constructor.java:480)
	at org.openqa.selenium.remote.http.W3CHttpResponseCodec.createException(W3CHttpResponseCodec.java:187)
	at org.openqa.selenium.remote.http.W3CHttpResponseCodec.decode(W3CHttpResponseCodec.java:122)
	at org.openqa.selenium.remote.http.W3CHttpResponseCodec.decode(W3CHttpResponseCodec.java:49)
	at org.openqa.selenium.remote.HttpCommandExecutor.execute(HttpCommandExecutor.java:158)
	at org.openqa.selenium.remote.service.DriverCommandExecutor.execute(DriverCommandExecutor.java:83)
	at org.openqa.selenium.remote.RemoteWebDriver.execute(RemoteWebDriver.java:552)
	at org.openqa.selenium.remote.RemoteWebDriver.findElement(RemoteWebDriver.java:323)
	at org.openqa.selenium.remote.RemoteWebDriver.findElementByXPath(RemoteWebDriver.java:428)
	at org.openqa.selenium.By$ByXPath.findElement(By.java:353)
	at org.openqa.selenium.remote.RemoteWebDriver.findElement(RemoteWebDriver.java:315)
	at org.openqa.selenium.support.ui.ExpectedConditions$7.apply(ExpectedConditions.java:205)
	at org.openqa.selenium.support.ui.ExpectedConditions$7.apply(ExpectedConditions.java:201)
	at org.openqa.selenium.support.ui.ExpectedConditions$22.apply(ExpectedConditions.java:641)
	at org.openqa.selenium.support.ui.ExpectedConditions$22.apply(ExpectedConditions.java:638)
	at org.openqa.selenium.support.ui.FluentWait.until(FluentWait.java:249)
	at stepDefinations.Verify_Summer35_Copoun.click_on_free_ppt_and_download_one_ppt(Verify_Summer35_Copoun.java:67)
	at java.base/jdk.internal.reflect.NativeMethodAccessorImpl.invoke0(Native Method)
	at java.base/jdk.internal.reflect.NativeMethodAccessorImpl.invoke(NativeMethodAccessorImpl.java:77)
	at java.base/jdk.internal.reflect.DelegatingMethodAccessorImpl.invoke(DelegatingMethodAccessorImpl.java:43)
	at java.base/java.lang.reflect.Method.invoke(Method.java:568)
	at io.cucumber.java.Invoker.doInvoke(Invoker.java:66)
	at io.cucumber.java.Invoker.invoke(Invoker.java:24)
	at io.cucumber.java.AbstractGlueDefinition.invokeMethod(AbstractGlueDefinition.java:47)
	at io.cucumber.java.JavaStepDefinition.execute(JavaStepDefinition.java:29)
	at io.cucumber.core.runner.CoreStepDefinition.execute(CoreStepDefinition.java:66)
	at io.cucumber.core.runner.PickleStepDefinitionMatch.runStep(PickleStepDefinitionMatch.java:63)
	at io.cucumber.core.runner.ExecutionMode$1.execute(ExecutionMode.java:10)
	at io.cucumber.core.runner.TestStep.executeStep(TestStep.java:92)
	at io.cucumber.core.runner.TestStep.run(TestStep.java:64)
	at io.cucumber.core.runner.PickleStepTestStep.run(PickleStepTestStep.java:51)
	at io.cucumber.core.runner.TestCase.run(TestCase.java:104)
	at io.cucumber.core.runner.Runner.runPickle(Runner.java:73)
	at io.cucumber.junit.PickleRunners$NoStepDescriptions.run(PickleRunners.java:151)
	at io.cucumber.junit.FeatureRunner.runChild(FeatureRunner.java:135)
	at io.cucumber.junit.FeatureRunner.runChild(FeatureRunner.java:27)
	at org.junit.runners.ParentRunner$3.run(ParentRunner.java:290)
	at org.junit.runners.ParentRunner$1.schedule(ParentRunner.java:71)
	at org.junit.runners.ParentRunner.runChildren(ParentRunner.java:288)
	at org.junit.runners.ParentRunner.access$000(ParentRunner.java:58)
	at org.junit.runners.ParentRunner$2.evaluate(ParentRunner.java:268)
	at org.junit.runners.ParentRunner.run(ParentRunner.java:363)
	at io.cucumber.junit.Cucumber.runChild(Cucumber.java:200)
	at io.cucumber.junit.Cucumber.runChild(Cucumber.java:90)
	at org.junit.runners.ParentRunner$3.run(ParentRunner.java:290)
	at org.junit.runners.ParentRunner$1.schedule(ParentRunner.java:71)
	at org.junit.runners.ParentRunner.runChildren(ParentRunner.java:288)
	at org.junit.runners.ParentRunner.access$000(ParentRunner.java:58)
	at org.junit.runners.ParentRunner$2.evaluate(ParentRunner.java:268)
	at io.cucumber.junit.Cucumber$RunCucumber.evaluate(Cucumber.java:235)
	at org.junit.internal.runners.statements.RunBefores.evaluate(RunBefores.java:26)
	at org.junit.internal.runners.statements.RunAfters.evaluate(RunAfters.java:27)
	at org.junit.runners.ParentRunner.run(ParentRunner.java:363)
	at org.apache.maven.surefire.junit4.JUnit4Provider.execute(JUnit4Provider.java:364)
	at org.apache.maven.surefire.junit4.JUnit4Provider.executeWithRerun(JUnit4Provider.java:272)
	at org.apache.maven.surefire.junit4.JUnit4Provider.executeTestSet(JUnit4Provider.java:237)
	at org.apache.maven.surefire.junit4.JUnit4Provider.invoke(JUnit4Provider.java:158)
	at org.apache.maven.surefire.booter.ForkedBooter.runSuitesInProcess(ForkedBooter.java:428)
	at org.apache.maven.surefire.booter.ForkedBooter.execute(ForkedBooter.java:162)
	at org.apache.maven.surefire.booter.ForkedBooter.run(ForkedBooter.java:562)
	at org.apache.maven.surefire.booter.ForkedBooter.main(ForkedBooter.java:548)
</pre>
      </div>
    </div>
  </div>


        
        

        

        

      </div>
          <div class="step">
        
<div class="brief skipped">
  <span class="keyword indention">Then</span>
  <span class="name">Again download the another ppt</span>
  
  <span class="lead-duration duration">000ms</span>

  </div>

        


        
        

        

        

      </div>
          <div class="step">
        
<div class="brief skipped">
  <span class="keyword indention">Then</span>
  <span class="name">Copy and Paste the cpupon code and verify the code</span>
  
  <span class="lead-duration duration">000ms</span>

  </div>

        


        
        

        

        

      </div>
          <div class="step">
        
<div class="brief skipped">
  <span class="keyword indention">Then</span>
  <span class="name">User will go the pricing page</span>
  
  <span class="lead-duration duration">000ms</span>

  </div>

        


        
        

        

        

      </div>
          <div class="step">
        
<div class="brief skipped">
  <span class="keyword indention">Then</span>
  <span class="name">Click on join now option</span>
  
  <span class="lead-duration duration">000ms</span>

  </div>

        


        
        

        

        

      </div>
          <div class="step">
        
<div class="brief skipped">
  <span class="keyword indention">Then</span>
  <span class="name">Apply the discount coupon code</span>
  
  <span class="lead-duration duration">000ms</span>

  </div>

        


        
        

        

        

      </div>
          <div class="step">
        
<div class="brief skipped">
  <span class="keyword indention">Then</span>
  <span class="name">Verify the price</span>
  
  <span class="lead-duration duration">000ms</span>

  </div>

        


        
        

        

        

      </div>
          <div class="step">
        
<div class="brief skipped">
  <span class="keyword indention">Then</span>
  <span class="name">Delete the user account</span>
  
  <span class="lead-duration duration">000ms</span>

  </div>

        


        
        

        

        

      </div>
      </div>
</div>


    
  <div class="inner-level hooks-after">
        <div data-toggle="collapse" class=" collapsed  collapsable-control" data-target="#after-4">
      
<div class="brief passed">
  <span class="keyword indention">Hooks</span>
  <span class="name"></span>
  

       <i class="chevron fa fa-fw"></i>
  </div>

    </div>

    <div id="after-4" class="inner-level collapse collapsable-details ">
              <div class="hook">
          <div class="brief passed">
            <span class="keyword indention">After</span>
                          <span class="location name">stepDefinations.TakeImageStep.tearDown(io.cucumber.java.Scenario)</span>
                        
  <span class="lead-duration duration">091ms</span>

          </div>

                      

          
          
  <div class="embeddings inner-level">
                <div class="embedding indention">
    <div data-toggle="collapse" data-target="#embedding_embedding_-1383303896" class="collapsable-control">
      <a>Attachment 1 (png)</a>
      <a href="embeddings/embedding_-1383303896.png" target="_blank"><span class="download-button glyphicon glyphicon-download-alt"></span></a>
    </div>
    <div id="embedding_embedding_-1383303896" class="collapse collapsable-detail">
      <span class="embedding-content"><img src="embeddings/embedding_-1383303896.png"></span>
    </div>
  </div>
        </div>

        </div>
          </div>
  </div>

  </div>
</div>

                      
<div class="element">
  
  
<div class="tags indention">
       <a href="verify_summer35_Coupon.html">@verify_summer35_Coupon</a>
       <a href="for_Existing_User.html">@for_Existing_User</a>
  </div>


    <span data-toggle="collapse" class=" collapsed  collapsable-control" data-target="#element-5">
    
<div class="brief passed">
  <span class="keyword indention">Scenario</span>
  <span class="name">verify the Summer35 coupon for existing user</span>
  

       <i class="chevron fa fa-fw"></i>
  </div>

  </span>
  <div class="description indention"></div>

  <div id="element-5" class="collapse collapsable-details ">
    


    
<div class="steps inner-level">
    <div data-toggle="collapse" class=" collapsed  collapsable-control" data-target="#steps-6">
    
<div class="brief passed">
  <span class="keyword indention">Steps</span>
  <span class="name"></span>
  

       <i class="chevron fa fa-fw"></i>
  </div>

  </div>

  <div id="steps-6" class="inner-level collapse collapsable-details ">
          <div class="step">
        
<div class="brief passed">
  <span class="keyword indention">Given</span>
  <span class="name">user is on home page click on sign in button</span>
  
  <span class="lead-duration duration">1s 049ms</span>

  </div>

        


        
        

        

        

      </div>
          <div class="step">
        
<div class="brief passed">
  <span class="keyword indention">Then</span>
  <span class="name">Enter Username "nishadhiman0027@gmail.com" and Password "Qwerty@1"</span>
  
  <span class="lead-duration duration">26s 540ms</span>

  </div>

        


        
        

        

        

      </div>
          <div class="step">
        
<div class="brief passed">
  <span class="keyword indention">Then</span>
  <span class="name">User should go to the pricing page</span>
  
  <span class="lead-duration duration">000ms</span>

  </div>

        


        
        

        

        

      </div>
          <div class="step">
        
<div class="brief passed">
  <span class="keyword indention">Then</span>
  <span class="name">click on join Now option</span>
  
  <span class="lead-duration duration">10s 109ms</span>

  </div>

        


        
        

        

        

      </div>
          <div class="step">
        
<div class="brief passed">
  <span class="keyword indention">Then</span>
  <span class="name">Apply the discount coupon code "summer35"</span>
  
  <span class="lead-duration duration">42s 982ms</span>

  </div>

        


        
        

        

        

      </div>
          <div class="step">
        
<div class="brief passed">
  <span class="keyword indention">Then</span>
  <span class="name">verify the Price</span>
  
  <span class="lead-duration duration">3s 041ms</span>

  </div>

        


        
        

        

        

      </div>
          <div class="step">
        
<div class="brief passed">
  <span class="keyword indention">Then</span>
  <span class="name">signout from the application</span>
  
  <span class="lead-duration duration">5s 118ms</span>

  </div>

        


        
        

        

        

      </div>
      </div>
</div>


    
  <div class="inner-level hooks-after">
        <div data-toggle="collapse" class=" collapsed  collapsable-control" data-target="#after-7">
      
<div class="brief passed">
  <span class="keyword indention">Hooks</span>
  <span class="name"></span>
  

       <i class="chevron fa fa-fw"></i>
  </div>

    </div>

    <div id="after-7" class="inner-level collapse collapsable-details ">
              <div class="hook">
          <div class="brief passed">
            <span class="keyword indention">After</span>
                          <span class="location name">stepDefinations.TakeImageStep.tearDown(io.cucumber.java.Scenario)</span>
                        
  <span class="lead-duration duration">000ms</span>

          </div>

                      

          
          

        </div>
          </div>
  </div>

  </div>
</div>

                  </div>

      </div>
    </div>
  </div>
</div>
<br>

<nav class="navbar navbar-default" id="footer">
  <div class="container-fluid">
    <p class="navbar-text navbar-right">
        <small>generate Cucumber HTML reports via:&nbsp;</small>
        <a class="navbar-link" href="https://github.com/jenkinsci/cucumber-reports-plugin">Jenkins Plugin</a> |
        <a class="navbar-link" href="https://github.com/damianszczepanik/cucumber-reporting">Standalone</a> |
        <a class="navbar-link" href="https://github.com/damianszczepanik/cucumber-sandwich">Sandwich</a> |
        <a class="navbar-link" href="https://github.com/damianszczepanik/maven-cucumber-reporting">Maven</a>
        &nbsp;&nbsp;
    </p>
  </div>
</nav>

</body>
</html>
